<?xml version="1.0" encoding="UTF-8"?>
<!-- Generated by org.testng.reporters.JUnitReportReporter -->
<testsuite hostname="LAPTOP-86U82QC3" failures="0" tests="2" name="testCases.TC002_Login_Test_Case" time="2.751" errors="0" timestamp="2024-12-15T19:49:41 IST" skipped="0">
  <testcase classname="testCases.TC002_Login_Test_Case" name="verify_login" time="1.217"/>
  <testcase classname="testCases.TC002_Login_Test_Case" name="verify_login" time="1.534"/>
</testsuite> <!-- testCases.TC002_Login_Test_Case -->
