<?xml version="1.0" encoding="UTF-8"?>
<!-- Generated by org.testng.reporters.JUnitReportReporter -->
<testsuite hostname="LAPTOP-86U82QC3" failures="0" tests="2" name="testCases.TC001_Account_Registration_TestCase" time="3.984" errors="0" timestamp="2024-12-15T19:49:41 IST" skipped="0">
  <testcase classname="testCases.TC001_Account_Registration_TestCase" name="verify_account_registration" time="2.096"/>
  <testcase classname="testCases.TC001_Account_Registration_TestCase" name="verify_account_registration" time="1.888"/>
</testsuite> <!-- testCases.TC001_Account_Registration_TestCase -->
