<?xml version="1.0" encoding="UTF-8"?>
<!-- Generated by org.testng.reporters.JUnitReportReporter -->
<testsuite hostname="LAPTOP-86U82QC3" failures="0" tests="1" name="testCases.TC002_Login_Test_Case" time="1.219" errors="0" timestamp="2024-12-21T12:48:59 IST" skipped="0">
  <testcase classname="testCases.TC002_Login_Test_Case" name="verify_login" time="1.219"/>
</testsuite> <!-- testCases.TC002_Login_Test_Case -->
