<?xml version="1.0" encoding="UTF-8"?>
<!-- Generated by org.testng.reporters.JUnitReportReporter -->
<testsuite hostname="LAPTOP-86U82QC3" failures="0" tests="1" name="testCases.TC001_Account_Registration_TestCase" time="1.596" errors="0" timestamp="2024-12-21T12:48:59 IST" skipped="0">
  <testcase classname="testCases.TC001_Account_Registration_TestCase" name="verify_account_registration" time="1.596"/>
</testsuite> <!-- testCases.TC001_Account_Registration_TestCase -->
